0 info it worked if it ends with ok
1 verbose cli [ '/usr/local/bin/node', '/usr/local/bin/npm', 'install' ]
2 info using npm@3.10.3
3 info using node@v6.3.0
4 silly loadCurrentTree Starting
5 silly install loadCurrentTree
6 silly install readLocalPackageData
7 silly install normalizeTree
8 silly loadCurrentTree Finishing
9 silly loadIdealTree Starting
10 silly install loadIdealTree
11 silly cloneCurrentTree Starting
12 silly install cloneCurrentTreeToIdealTree
13 silly cloneCurrentTree Finishing
14 silly loadShrinkwrap Starting
15 silly install loadShrinkwrap
16 silly loadShrinkwrap Finishing
17 silly loadAllDepsIntoIdealTree Starting
18 silly install loadAllDepsIntoIdealTree
19 silly loadAllDepsIntoIdealTree Finishing
20 silly loadIdealTree Finishing
21 silly currentTree countly-push@1.0.0
21 silly currentTree └── nan@2.4.0
22 silly idealTree countly-push@1.0.0
22 silly idealTree └── nan@2.4.0
23 silly generateActionsToTake Starting
24 silly install generateActionsToTake
25 silly generateActionsToTake Finishing
26 silly diffTrees action count 0
27 silly decomposeActions action count 0
28 silly executeActions Starting
29 silly install executeActions
30 silly doSerial global-install 0
31 silly doParallel fetch 0
32 verbose correctMkdir /Users/bruceliu/.npm/_locks correctMkdir not in flight; initializing
33 verbose lock using /Users/bruceliu/.npm/_locks/staging-c4efff58b1ee8278.lock for /Users/bruceliu/workspace/javascript/AppTraceAPI/plugins/push/api/parts/apn/node_modules/.staging
34 silly doParallel extract 0
35 silly doParallel preinstall 0
36 silly doReverseSerial remove 0
37 silly doSerial move 0
38 silly doSerial finalize 0
39 silly doSerial build 0
40 silly doSerial global-link 0
41 silly doParallel update-linked 0
42 silly doSerial install 0
43 silly doSerial postinstall 0
44 verbose unlock done using /Users/bruceliu/.npm/_locks/staging-c4efff58b1ee8278.lock for /Users/bruceliu/workspace/javascript/AppTraceAPI/plugins/push/api/parts/apn/node_modules/.staging
45 silly executeActions Finishing
46 silly rollbackFailedOptional Starting
47 silly rollbackFailedOptional Finishing
48 silly runTopLevelLifecycles Starting
49 silly install runTopLevelLifecycles
50 silly preinstall countly-push@1.0.0 /Users/bruceliu/workspace/javascript/AppTraceAPI/plugins/push/api/parts/apn/countly-push-bbe38e61
51 info lifecycle countly-push@1.0.0~preinstall: countly-push@1.0.0
52 silly lifecycle countly-push@1.0.0~preinstall: no script for preinstall, continuing
53 silly build countly-push@1.0.0
54 info linkStuff countly-push@1.0.0
55 silly linkStuff countly-push@1.0.0 has /Users/bruceliu/workspace/javascript/AppTraceAPI/plugins/push/api/parts as its parent node_modules
56 verbose linkBins countly-push@1.0.0
57 verbose linkMans countly-push@1.0.0
58 silly install countly-push@1.0.0 /Users/bruceliu/workspace/javascript/AppTraceAPI/plugins/push/api/parts/apn/countly-push-bbe38e61
59 info lifecycle countly-push@1.0.0~install: countly-push@1.0.0
60 verbose lifecycle countly-push@1.0.0~install: unsafe-perm in lifecycle true
61 verbose lifecycle countly-push@1.0.0~install: PATH: /usr/local/lib/node_modules/npm/bin/node-gyp-bin:/Users/bruceliu/workspace/javascript/AppTraceAPI/plugins/push/api/parts/apn/node_modules/.bin:/usr/local/bin:/usr/local/lib/node_modules/npm/bin/node-gyp-bin:/Users/bruceliu/workspace/javascript/AppTraceAPI/plugins/push/node_modules/.bin:/usr/local/bin:/usr/local/bin:/usr/bin:/bin:/usr/sbin:/sbin
62 verbose lifecycle countly-push@1.0.0~install: CWD: /Users/bruceliu/workspace/javascript/AppTraceAPI/plugins/push/api/parts/apn
63 silly lifecycle countly-push@1.0.0~install: Args: [ '-c', 'node-gyp rebuild' ]
64 silly lifecycle countly-push@1.0.0~install: Returned: code: 1  signal: null
65 info lifecycle countly-push@1.0.0~install: Failed to exec install script
66 warn countly-push@1.0.0 No license field.
67 verbose stack Error: countly-push@1.0.0 install: `node-gyp rebuild`
67 verbose stack Exit status 1
67 verbose stack     at EventEmitter.<anonymous> (/usr/local/lib/node_modules/npm/lib/utils/lifecycle.js:242:16)
67 verbose stack     at emitTwo (events.js:106:13)
67 verbose stack     at EventEmitter.emit (events.js:191:7)
67 verbose stack     at ChildProcess.<anonymous> (/usr/local/lib/node_modules/npm/lib/utils/spawn.js:40:14)
67 verbose stack     at emitTwo (events.js:106:13)
67 verbose stack     at ChildProcess.emit (events.js:191:7)
67 verbose stack     at maybeClose (internal/child_process.js:852:16)
67 verbose stack     at Process.ChildProcess._handle.onexit (internal/child_process.js:215:5)
68 verbose pkgid countly-push@1.0.0
69 verbose cwd /Users/bruceliu/workspace/javascript/AppTraceAPI/plugins/push/api/parts/apn
70 error Darwin 15.6.0
71 error argv "/usr/local/bin/node" "/usr/local/bin/npm" "install"
72 error node v6.3.0
73 error npm  v3.10.3
74 error code ELIFECYCLE
75 error countly-push@1.0.0 install: `node-gyp rebuild`
75 error Exit status 1
76 error Failed at the countly-push@1.0.0 install script 'node-gyp rebuild'.
76 error Make sure you have the latest version of node.js and npm installed.
76 error If you do, this is most likely a problem with the countly-push package,
76 error not with npm itself.
76 error Tell the author that this fails on your system:
76 error     node-gyp rebuild
76 error You can get information on how to open an issue for this project with:
76 error     npm bugs countly-push
76 error Or if that isn't available, you can get their info via:
76 error     npm owner ls countly-push
76 error There is likely additional logging output above.
77 verbose exit [ 1, true ]
